2021-07-05 21:07:19.896 (0xbfd2d794) Warning: QCoreApplication::postEvent: Unexpected null receiver
2021-07-05 21:07:19.896 (0xbfd2d794) Debug: XdgDesktopFile "/usr/share/applications/firefox.desktop" is not valid
2021-07-05 21:07:19.896 (0xbfd2d794) Debug: XdgDesktopFile "/usr/share/applications/wps-office-wps.desktop" is not valid
2021-07-05 21:07:20.062 (0xbfd2d794) Warning: QWidget::setLayout: Attempting to set QLayout "" on UKUIStorageFrame "", which already has a layout
2021-07-05 21:07:20.152 (0xbfd2d794) Debug: QLocale::system().name(): "en_US"
2021-07-05 21:07:20.152 (0xbfd2d794) Debug: showCalendar: 3
2021-07-05 21:07:20.371 (0xbfd2d794) Warning: QDBusAbstractAdaptor: Cannot relay signal UKUITaskBar::buttonRotationRefreshed(bool,IUKUIPanel::Position): Unregistered input type in parameter list: IUKUIPanel::Position
2021-07-05 21:07:20.379 (0xbfd2d794) Warning: QDBusAbstractAdaptor: Cannot relay signal UKUITaskBar::buttonRotationRefreshed(bool,IUKUIPanel::Position): Unregistered input type in parameter list: IUKUIPanel::Position
2021-07-05 21:07:20.381 (0xbfd2d794) Warning: QDBusAbstractAdaptor: Cannot relay signal UKUITaskBar::buttonRotationRefreshed(bool,IUKUIPanel::Position): Unregistered input type in parameter list: IUKUIPanel::Position
2021-07-05 21:07:20.381 (0xbfd2d794) Warning: QDBusAbstractAdaptor: Cannot relay signal UKUITaskBar::buttonRotationRefreshed(bool,IUKUIPanel::Position): Unregistered input type in parameter list: IUKUIPanel::Position
2021-07-05 21:07:20.382 (0xbfd2d794) Warning: QDBusAbstractAdaptor: Cannot relay signal UKUITaskBar::buttonRotationRefreshed(bool,IUKUIPanel::Position): Unregistered input type in parameter list: IUKUIPanel::Position
2021-07-05 21:07:20.391 (0xbfd2d794) Warning: QDBusAbstractAdaptor: Cannot relay signal UKUITaskBar::buttonRotationRefreshed(bool,IUKUIPanel::Position): Unregistered input type in parameter list: IUKUIPanel::Position
2021-07-05 21:07:20.429 (0xbfd2d794) Warning: QDBusAbstractAdaptor: Cannot relay signal UKUITaskBar::buttonRotationRefreshed(bool,IUKUIPanel::Position): Unregistered input type in parameter list: IUKUIPanel::Position
2021-07-05 21:07:20.430 (0xbfd2d794) Warning: QDBusAbstractAdaptor: Cannot relay signal UKUITaskBar::buttonRotationRefreshed(bool,IUKUIPanel::Position): Unregistered input type in parameter list: IUKUIPanel::Position
2021-07-05 21:07:22.842 (0xbfd2d794) Debug: we don't show balloon messages.
2021-07-05 21:07:22.842 (0xbfd2d794) Warning: QDBusAbstractAdaptor: Cannot relay signal UKUITaskBar::buttonRotationRefreshed(bool,IUKUIPanel::Position): Unregistered input type in parameter list: IUKUIPanel::Position
2021-07-05 21:07:24.191 (0xbfe79d64) Warning: QCoreApplication::postEvent: Unexpected null receiver
2021-07-05 21:07:24.191 (0xbfe79d64) Debug: XdgDesktopFile "/usr/share/applications/firefox.desktop" is not valid
2021-07-05 21:07:24.191 (0xbfe79d64) Debug: XdgDesktopFile "/usr/share/applications/wps-office-wps.desktop" is not valid
2021-07-05 21:07:24.293 (0xbfe79d64) Warning: QWidget::setLayout: Attempting to set QLayout "" on UKUIStorageFrame "", which already has a layout
2021-07-05 21:07:24.341 (0xbfe79d64) Debug: QLocale::system().name(): "en_US"
2021-07-05 21:07:24.341 (0xbfe79d64) Debug: showCalendar: 3
2021-07-05 21:07:24.473 (0xbfe79d64) Warning: QDBusAbstractAdaptor: Cannot relay signal UKUITaskBar::buttonRotationRefreshed(bool,IUKUIPanel::Position): Unregistered input type in parameter list: IUKUIPanel::Position
2021-07-05 21:07:24.477 (0xbfe79d64) Warning: QDBusAbstractAdaptor: Cannot relay signal UKUITaskBar::buttonRotationRefreshed(bool,IUKUIPanel::Position): Unregistered input type in parameter list: IUKUIPanel::Position
2021-07-05 21:07:24.481 (0xbfe79d64) Warning: QDBusAbstractAdaptor: Cannot relay signal UKUITaskBar::buttonRotationRefreshed(bool,IUKUIPanel::Position): Unregistered input type in parameter list: IUKUIPanel::Position
2021-07-05 21:07:24.481 (0xbfe79d64) Warning: QDBusAbstractAdaptor: Cannot relay signal UKUITaskBar::buttonRotationRefreshed(bool,IUKUIPanel::Position): Unregistered input type in parameter list: IUKUIPanel::Position
2021-07-05 21:07:24.483 (0xbfe79d64) Warning: QDBusAbstractAdaptor: Cannot relay signal UKUITaskBar::buttonRotationRefreshed(bool,IUKUIPanel::Position): Unregistered input type in parameter list: IUKUIPanel::Position
2021-07-05 21:07:24.489 (0xbfe79d64) Warning: QDBusAbstractAdaptor: Cannot relay signal UKUITaskBar::buttonRotationRefreshed(bool,IUKUIPanel::Position): Unregistered input type in parameter list: IUKUIPanel::Position
2021-07-05 21:07:24.529 (0xbfe79d64) Debug: we don't show balloon messages.
2021-07-05 21:07:25.387 (0xbfbd5534) Warning: QCoreApplication::postEvent: Unexpected null receiver
2021-07-05 21:07:25.387 (0xbfbd5534) Debug: XdgDesktopFile "/usr/share/applications/firefox.desktop" is not valid
2021-07-05 21:07:25.387 (0xbfbd5534) Debug: XdgDesktopFile "/usr/share/applications/wps-office-wps.desktop" is not valid
2021-07-05 21:07:25.474 (0xbfbd5534) Warning: QWidget::setLayout: Attempting to set QLayout "" on UKUIStorageFrame "", which already has a layout
2021-07-05 21:07:25.520 (0xbfbd5534) Debug: QLocale::system().name(): "en_US"
2021-07-05 21:07:25.520 (0xbfbd5534) Debug: showCalendar: 3
2021-07-05 21:07:25.651 (0xbfbd5534) Warning: QDBusAbstractAdaptor: Cannot relay signal UKUITaskBar::buttonRotationRefreshed(bool,IUKUIPanel::Position): Unregistered input type in parameter list: IUKUIPanel::Position
2021-07-05 21:07:25.655 (0xbfbd5534) Warning: QDBusAbstractAdaptor: Cannot relay signal UKUITaskBar::buttonRotationRefreshed(bool,IUKUIPanel::Position): Unregistered input type in parameter list: IUKUIPanel::Position
2021-07-05 21:07:25.657 (0xbfbd5534) Warning: QDBusAbstractAdaptor: Cannot relay signal UKUITaskBar::buttonRotationRefreshed(bool,IUKUIPanel::Position): Unregistered input type in parameter list: IUKUIPanel::Position
2021-07-05 21:07:25.660 (0xbfbd5534) Warning: QDBusAbstractAdaptor: Cannot relay signal UKUITaskBar::buttonRotationRefreshed(bool,IUKUIPanel::Position): Unregistered input type in parameter list: IUKUIPanel::Position
2021-07-05 21:07:25.665 (0xbfbd5534) Warning: QDBusAbstractAdaptor: Cannot relay signal UKUITaskBar::buttonRotationRefreshed(bool,IUKUIPanel::Position): Unregistered input type in parameter list: IUKUIPanel::Position
2021-07-05 21:07:25.679 (0xbfbd5534) Warning: QDBusAbstractAdaptor: Cannot relay signal UKUITaskBar::buttonRotationRefreshed(bool,IUKUIPanel::Position): Unregistered input type in parameter list: IUKUIPanel::Position
2021-07-05 21:07:25.683 (0xbfbd5534) Debug: we don't show balloon messages.
2021-07-05 21:07:26.533 (0xbfdc3984) Warning: QCoreApplication::postEvent: Unexpected null receiver
2021-07-05 21:07:26.533 (0xbfdc3984) Debug: XdgDesktopFile "/usr/share/applications/firefox.desktop" is not valid
2021-07-05 21:07:26.533 (0xbfdc3984) Debug: XdgDesktopFile "/usr/share/applications/wps-office-wps.desktop" is not valid
2021-07-05 21:07:26.632 (0xbfdc3984) Warning: QWidget::setLayout: Attempting to set QLayout "" on UKUIStorageFrame "", which already has a layout
2021-07-05 21:07:26.681 (0xbfdc3984) Debug: QLocale::system().name(): "en_US"
2021-07-05 21:07:26.681 (0xbfdc3984) Debug: showCalendar: 3
2021-07-05 21:07:26.806 (0xbfdc3984) Warning: QDBusAbstractAdaptor: Cannot relay signal UKUITaskBar::buttonRotationRefreshed(bool,IUKUIPanel::Position): Unregistered input type in parameter list: IUKUIPanel::Position
2021-07-05 21:07:26.816 (0xbfdc3984) Warning: QDBusAbstractAdaptor: Cannot relay signal UKUITaskBar::buttonRotationRefreshed(bool,IUKUIPanel::Position): Unregistered input type in parameter list: IUKUIPanel::Position
2021-07-05 21:07:26.817 (0xbfdc3984) Warning: QDBusAbstractAdaptor: Cannot relay signal UKUITaskBar::buttonRotationRefreshed(bool,IUKUIPanel::Position): Unregistered input type in parameter list: IUKUIPanel::Position
2021-07-05 21:07:26.818 (0xbfdc3984) Warning: QDBusAbstractAdaptor: Cannot relay signal UKUITaskBar::buttonRotationRefreshed(bool,IUKUIPanel::Position): Unregistered input type in parameter list: IUKUIPanel::Position
2021-07-05 21:07:26.823 (0xbfdc3984) Warning: QDBusAbstractAdaptor: Cannot relay signal UKUITaskBar::buttonRotationRefreshed(bool,IUKUIPanel::Position): Unregistered input type in parameter list: IUKUIPanel::Position
2021-07-05 21:07:26.843 (0xbfdc3984) Warning: QDBusAbstractAdaptor: Cannot relay signal UKUITaskBar::buttonRotationRefreshed(bool,IUKUIPanel::Position): Unregistered input type in parameter list: IUKUIPanel::Position
2021-07-05 21:07:27.704 (0xbf9c1794) Warning: QCoreApplication::postEvent: Unexpected null receiver
2021-07-05 21:07:27.704 (0xbf9c1794) Debug: XdgDesktopFile "/usr/share/applications/firefox.desktop" is not valid
2021-07-05 21:07:27.704 (0xbf9c1794) Debug: XdgDesktopFile "/usr/share/applications/wps-office-wps.desktop" is not valid
2021-07-05 21:07:27.801 (0xbf9c1794) Warning: QWidget::setLayout: Attempting to set QLayout "" on UKUIStorageFrame "", which already has a layout
2021-07-05 21:07:27.849 (0xbf9c1794) Debug: QLocale::system().name(): "en_US"
2021-07-05 21:07:27.849 (0xbf9c1794) Debug: showCalendar: 3
2021-07-05 21:07:27.983 (0xbf9c1794) Warning: QDBusAbstractAdaptor: Cannot relay signal UKUITaskBar::buttonRotationRefreshed(bool,IUKUIPanel::Position): Unregistered input type in parameter list: IUKUIPanel::Position
2021-07-05 21:07:27.986 (0xbf9c1794) Warning: QDBusAbstractAdaptor: Cannot relay signal UKUITaskBar::buttonRotationRefreshed(bool,IUKUIPanel::Position): Unregistered input type in parameter list: IUKUIPanel::Position
2021-07-05 21:07:27.987 (0xbf9c1794) Warning: QDBusAbstractAdaptor: Cannot relay signal UKUITaskBar::buttonRotationRefreshed(bool,IUKUIPanel::Position): Unregistered input type in parameter list: IUKUIPanel::Position
2021-07-05 21:07:27.988 (0xbf9c1794) Warning: QDBusAbstractAdaptor: Cannot relay signal UKUITaskBar::buttonRotationRefreshed(bool,IUKUIPanel::Position): Unregistered input type in parameter list: IUKUIPanel::Position
2021-07-05 21:07:27.989 (0xbf9c1794) Warning: QDBusAbstractAdaptor: Cannot relay signal UKUITaskBar::buttonRotationRefreshed(bool,IUKUIPanel::Position): Unregistered input type in parameter list: IUKUIPanel::Position
2021-07-05 21:07:27.996 (0xbf9c1794) Warning: QDBusAbstractAdaptor: Cannot relay signal UKUITaskBar::buttonRotationRefreshed(bool,IUKUIPanel::Position): Unregistered input type in parameter list: IUKUIPanel::Position
2021-07-05 21:07:28.003 (0xbf9c1794) Debug: we don't show balloon messages.
2021-07-05 21:07:28.877 (0xbfb57864) Warning: QCoreApplication::postEvent: Unexpected null receiver
2021-07-05 21:07:28.877 (0xbfb57864) Debug: XdgDesktopFile "/usr/share/applications/firefox.desktop" is not valid
2021-07-05 21:07:28.877 (0xbfb57864) Debug: XdgDesktopFile "/usr/share/applications/wps-office-wps.desktop" is not valid
2021-07-05 21:07:28.971 (0xbfb57864) Warning: QWidget::setLayout: Attempting to set QLayout "" on UKUIStorageFrame "", which already has a layout
2021-07-05 21:07:29.018 (0xbfb57864) Debug: QLocale::system().name(): "en_US"
2021-07-05 21:07:29.018 (0xbfb57864) Debug: showCalendar: 3
2021-07-05 21:07:29.161 (0xbfb57864) Warning: QDBusAbstractAdaptor: Cannot relay signal UKUITaskBar::buttonRotationRefreshed(bool,IUKUIPanel::Position): Unregistered input type in parameter list: IUKUIPanel::Position
2021-07-05 21:07:29.169 (0xbfb57864) Warning: QDBusAbstractAdaptor: Cannot relay signal UKUITaskBar::buttonRotationRefreshed(bool,IUKUIPanel::Position): Unregistered input type in parameter list: IUKUIPanel::Position
2021-07-05 21:07:29.170 (0xbfb57864) Warning: QDBusAbstractAdaptor: Cannot relay signal UKUITaskBar::buttonRotationRefreshed(bool,IUKUIPanel::Position): Unregistered input type in parameter list: IUKUIPanel::Position
2021-07-05 21:07:29.171 (0xbfb57864) Warning: QDBusAbstractAdaptor: Cannot relay signal UKUITaskBar::buttonRotationRefreshed(bool,IUKUIPanel::Position): Unregistered input type in parameter list: IUKUIPanel::Position
2021-07-05 21:07:29.173 (0xbfb57864) Warning: QDBusAbstractAdaptor: Cannot relay signal UKUITaskBar::buttonRotationRefreshed(bool,IUKUIPanel::Position): Unregistered input type in parameter list: IUKUIPanel::Position
2021-07-05 21:07:29.189 (0xbfb57864) Warning: QDBusAbstractAdaptor: Cannot relay signal UKUITaskBar::buttonRotationRefreshed(bool,IUKUIPanel::Position): Unregistered input type in parameter list: IUKUIPanel::Position
2021-07-05 21:07:29.194 (0xbfb57864) Debug: we don't show balloon messages.
2021-07-05 21:07:29.198 (0xbfb57864) Debug: we don't show balloon messages.
2021-07-05 21:07:30.030 (0xbff2fce4) Warning: QCoreApplication::postEvent: Unexpected null receiver
2021-07-05 21:07:30.030 (0xbff2fce4) Debug: XdgDesktopFile "/usr/share/applications/firefox.desktop" is not valid
2021-07-05 21:07:30.030 (0xbff2fce4) Debug: XdgDesktopFile "/usr/share/applications/wps-office-wps.desktop" is not valid
2021-07-05 21:07:30.126 (0xbff2fce4) Warning: QWidget::setLayout: Attempting to set QLayout "" on UKUIStorageFrame "", which already has a layout
2021-07-05 21:07:30.174 (0xbff2fce4) Debug: QLocale::system().name(): "en_US"
2021-07-05 21:07:30.174 (0xbff2fce4) Debug: showCalendar: 3
2021-07-05 21:07:30.305 (0xbff2fce4) Warning: QDBusAbstractAdaptor: Cannot relay signal UKUITaskBar::buttonRotationRefreshed(bool,IUKUIPanel::Position): Unregistered input type in parameter list: IUKUIPanel::Position
2021-07-05 21:07:30.314 (0xbff2fce4) Warning: QDBusAbstractAdaptor: Cannot relay signal UKUITaskBar::buttonRotationRefreshed(bool,IUKUIPanel::Position): Unregistered input type in parameter list: IUKUIPanel::Position
2021-07-05 21:07:30.316 (0xbff2fce4) Warning: QDBusAbstractAdaptor: Cannot relay signal UKUITaskBar::buttonRotationRefreshed(bool,IUKUIPanel::Position): Unregistered input type in parameter list: IUKUIPanel::Position
2021-07-05 21:07:30.318 (0xbff2fce4) Warning: QDBusAbstractAdaptor: Cannot relay signal UKUITaskBar::buttonRotationRefreshed(bool,IUKUIPanel::Position): Unregistered input type in parameter list: IUKUIPanel::Position
2021-07-05 21:07:30.329 (0xbff2fce4) Warning: QDBusAbstractAdaptor: Cannot relay signal UKUITaskBar::buttonRotationRefreshed(bool,IUKUIPanel::Position): Unregistered input type in parameter list: IUKUIPanel::Position
2021-07-05 21:07:30.346 (0xbff2fce4) Warning: QDBusAbstractAdaptor: Cannot relay signal UKUITaskBar::buttonRotationRefreshed(bool,IUKUIPanel::Position): Unregistered input type in parameter list: IUKUIPanel::Position
2021-07-05 21:07:30.356 (0xbff2fce4) Debug: we don't show balloon messages.
2021-07-05 21:07:30.357 (0xbff2fce4) Debug: we don't show balloon messages.
2021-07-05 21:07:30.401 (0xbff2fce4) Debug: we don't show balloon messages.
2021-07-05 21:07:31.350 (0xbf9f9264) Warning: QCoreApplication::postEvent: Unexpected null receiver
2021-07-05 21:07:31.350 (0xbf9f9264) Debug: XdgDesktopFile "/usr/share/applications/firefox.desktop" is not valid
2021-07-05 21:07:31.350 (0xbf9f9264) Debug: XdgDesktopFile "/usr/share/applications/wps-office-wps.desktop" is not valid
2021-07-05 21:07:31.445 (0xbf9f9264) Warning: QWidget::setLayout: Attempting to set QLayout "" on UKUIStorageFrame "", which already has a layout
2021-07-05 21:07:31.496 (0xbf9f9264) Debug: QLocale::system().name(): "en_US"
2021-07-05 21:07:31.496 (0xbf9f9264) Debug: showCalendar: 3
2021-07-05 21:07:31.632 (0xbf9f9264) Warning: QDBusAbstractAdaptor: Cannot relay signal UKUITaskBar::buttonRotationRefreshed(bool,IUKUIPanel::Position): Unregistered input type in parameter list: IUKUIPanel::Position
2021-07-05 21:07:31.636 (0xbf9f9264) Warning: QDBusAbstractAdaptor: Cannot relay signal UKUITaskBar::buttonRotationRefreshed(bool,IUKUIPanel::Position): Unregistered input type in parameter list: IUKUIPanel::Position
2021-07-05 21:07:31.637 (0xbf9f9264) Warning: QDBusAbstractAdaptor: Cannot relay signal UKUITaskBar::buttonRotationRefreshed(bool,IUKUIPanel::Position): Unregistered input type in parameter list: IUKUIPanel::Position
2021-07-05 21:07:31.639 (0xbf9f9264) Warning: QDBusAbstractAdaptor: Cannot relay signal UKUITaskBar::buttonRotationRefreshed(bool,IUKUIPanel::Position): Unregistered input type in parameter list: IUKUIPanel::Position
2021-07-05 21:07:31.640 (0xbf9f9264) Warning: QDBusAbstractAdaptor: Cannot relay signal UKUITaskBar::buttonRotationRefreshed(bool,IUKUIPanel::Position): Unregistered input type in parameter list: IUKUIPanel::Position
2021-07-05 21:07:31.659 (0xbf9f9264) Warning: QDBusAbstractAdaptor: Cannot relay signal UKUITaskBar::buttonRotationRefreshed(bool,IUKUIPanel::Position): Unregistered input type in parameter list: IUKUIPanel::Position
2021-07-05 21:07:31.666 (0xbf9f9264) Debug: we don't show balloon messages.
2021-07-05 21:07:32.574 (0xbff6fe84) Warning: QCoreApplication::postEvent: Unexpected null receiver
2021-07-05 21:07:32.574 (0xbff6fe84) Debug: XdgDesktopFile "/usr/share/applications/firefox.desktop" is not valid
2021-07-05 21:07:32.574 (0xbff6fe84) Debug: XdgDesktopFile "/usr/share/applications/wps-office-wps.desktop" is not valid
2021-07-05 21:07:32.674 (0xbff6fe84) Warning: QWidget::setLayout: Attempting to set QLayout "" on UKUIStorageFrame "", which already has a layout
2021-07-05 21:07:32.726 (0xbff6fe84) Debug: QLocale::system().name(): "en_US"
2021-07-05 21:07:32.726 (0xbff6fe84) Debug: showCalendar: 3
2021-07-05 21:07:32.855 (0xbff6fe84) Warning: QDBusAbstractAdaptor: Cannot relay signal UKUITaskBar::buttonRotationRefreshed(bool,IUKUIPanel::Position): Unregistered input type in parameter list: IUKUIPanel::Position
2021-07-05 21:07:32.861 (0xbff6fe84) Warning: QDBusAbstractAdaptor: Cannot relay signal UKUITaskBar::buttonRotationRefreshed(bool,IUKUIPanel::Position): Unregistered input type in parameter list: IUKUIPanel::Position
2021-07-05 21:07:32.862 (0xbff6fe84) Warning: QDBusAbstractAdaptor: Cannot relay signal UKUITaskBar::buttonRotationRefreshed(bool,IUKUIPanel::Position): Unregistered input type in parameter list: IUKUIPanel::Position
2021-07-05 21:07:32.865 (0xbff6fe84) Warning: QDBusAbstractAdaptor: Cannot relay signal UKUITaskBar::buttonRotationRefreshed(bool,IUKUIPanel::Position): Unregistered input type in parameter list: IUKUIPanel::Position
2021-07-05 21:07:32.866 (0xbff6fe84) Warning: QDBusAbstractAdaptor: Cannot relay signal UKUITaskBar::buttonRotationRefreshed(bool,IUKUIPanel::Position): Unregistered input type in parameter list: IUKUIPanel::Position
2021-07-05 21:07:32.887 (0xbff6fe84) Warning: QDBusAbstractAdaptor: Cannot relay signal UKUITaskBar::buttonRotationRefreshed(bool,IUKUIPanel::Position): Unregistered input type in parameter list: IUKUIPanel::Position
2021-07-05 21:07:32.897 (0xbff6fe84) Debug: we don't show balloon messages.
2021-07-05 21:07:32.899 (0xbff6fe84) Debug: we don't show balloon messages.
2021-07-05 21:07:33.704 (0xbf956494) Warning: QCoreApplication::postEvent: Unexpected null receiver
2021-07-05 21:07:33.704 (0xbf956494) Debug: XdgDesktopFile "/usr/share/applications/firefox.desktop" is not valid
2021-07-05 21:07:33.704 (0xbf956494) Debug: XdgDesktopFile "/usr/share/applications/wps-office-wps.desktop" is not valid
2021-07-05 21:07:33.794 (0xbf956494) Warning: QWidget::setLayout: Attempting to set QLayout "" on UKUIStorageFrame "", which already has a layout
2021-07-05 21:07:33.846 (0xbf956494) Debug: QLocale::system().name(): "en_US"
2021-07-05 21:07:33.846 (0xbf956494) Debug: showCalendar: 3
2021-07-05 21:07:33.984 (0xbf956494) Warning: QDBusAbstractAdaptor: Cannot relay signal UKUITaskBar::buttonRotationRefreshed(bool,IUKUIPanel::Position): Unregistered input type in parameter list: IUKUIPanel::Position
2021-07-05 21:07:33.992 (0xbf956494) Warning: QDBusAbstractAdaptor: Cannot relay signal UKUITaskBar::buttonRotationRefreshed(bool,IUKUIPanel::Position): Unregistered input type in parameter list: IUKUIPanel::Position
2021-07-05 21:07:33.994 (0xbf956494) Warning: QDBusAbstractAdaptor: Cannot relay signal UKUITaskBar::buttonRotationRefreshed(bool,IUKUIPanel::Position): Unregistered input type in parameter list: IUKUIPanel::Position
2021-07-05 21:07:33.995 (0xbf956494) Warning: QDBusAbstractAdaptor: Cannot relay signal UKUITaskBar::buttonRotationRefreshed(bool,IUKUIPanel::Position): Unregistered input type in parameter list: IUKUIPanel::Position
2021-07-05 21:07:33.997 (0xbf956494) Warning: QDBusAbstractAdaptor: Cannot relay signal UKUITaskBar::buttonRotationRefreshed(bool,IUKUIPanel::Position): Unregistered input type in parameter list: IUKUIPanel::Position
2021-07-05 21:07:34.009 (0xbf956494) Warning: QDBusAbstractAdaptor: Cannot relay signal UKUITaskBar::buttonRotationRefreshed(bool,IUKUIPanel::Position): Unregistered input type in parameter list: IUKUIPanel::Position
2021-07-05 21:07:34.013 (0xbf956494) Debug: we don't show balloon messages.
2021-07-05 21:07:34.017 (0xbf956494) Debug: we don't show balloon messages.
2021-07-05 21:07:34.019 (0xbf956494) Debug: we don't show balloon messages.
2021-07-05 21:07:34.048 (0xbf956494) Warning: QDBusAbstractAdaptor: Cannot relay signal UKUITaskBar::buttonRotationRefreshed(bool,IUKUIPanel::Position): Unregistered input type in parameter list: IUKUIPanel::Position
2021-07-05 21:07:34.048 (0xbf956494) Warning: QDBusAbstractAdaptor: Cannot relay signal UKUITaskBar::buttonRotationRefreshed(bool,IUKUIPanel::Position): Unregistered input type in parameter list: IUKUIPanel::Position
2021-07-05 21:07:34.050 (0xbf956494) Warning: QDBusAbstractAdaptor: Cannot relay signal UKUITaskBar::buttonRotationRefreshed(bool,IUKUIPanel::Position): Unregistered input type in parameter list: IUKUIPanel::Position
2021-07-05 21:07:50.474 (0xbf956494) Warning: QObject::connect: No such signal UKUITaskWidget::clicked()
2021-07-05 21:07:50.474 (0xbf956494) Warning: QObject::connect:  (receiver name: 'Xfce4-terminal')
2021-07-05 21:07:50.479 (0xbf956494) Warning: QDBusAbstractAdaptor: Cannot relay signal UKUITaskBar::buttonRotationRefreshed(bool,IUKUIPanel::Position): Unregistered input type in parameter list: IUKUIPanel::Position
2021-07-05 21:08:35.531 (0xbf956494) Warning: QObject::connect: No such signal UKUITaskWidget::clicked()
2021-07-05 21:08:35.531 (0xbf956494) Warning: QObject::connect:  (receiver name: 'Xfce4-settings-manager')
2021-07-05 21:08:35.534 (0xbf956494) Warning: QDBusAbstractAdaptor: Cannot relay signal UKUITaskBar::buttonRotationRefreshed(bool,IUKUIPanel::Position): Unregistered input type in parameter list: IUKUIPanel::Position
2021-07-05 21:08:44.940 (0xbf956494) Warning: QObject::connect: No such signal UKUITaskWidget::clicked()
2021-07-05 21:08:44.940 (0xbf956494) Warning: QObject::connect:  (receiver name: 'Xfce4-keyboard-settings')
2021-07-05 21:08:44.942 (0xbf956494) Warning: QDBusAbstractAdaptor: Cannot relay signal UKUITaskBar::buttonRotationRefreshed(bool,IUKUIPanel::Position): Unregistered input type in parameter list: IUKUIPanel::Position
2021-07-05 21:08:46.721 (0xbf956494) Warning: QDBusAbstractAdaptor: Cannot relay signal UKUITaskBar::buttonRotationRefreshed(bool,IUKUIPanel::Position): Unregistered input type in parameter list: IUKUIPanel::Position
2021-07-05 21:08:47.610 (0xbf956494) Warning: QDBusAbstractAdaptor: Cannot relay signal UKUITaskBar::buttonRotationRefreshed(bool,IUKUIPanel::Position): Unregistered input type in parameter list: IUKUIPanel::Position
2021-07-05 21:08:56.851 (0xbf956494) Warning: QObject::connect: No such signal UKUITaskWidget::clicked()
2021-07-05 21:08:56.851 (0xbf956494) Warning: QObject::connect:  (receiver name: 'Xfce4-settings-editor')
2021-07-05 21:08:56.871 (0xbf956494) Warning: QDBusAbstractAdaptor: Cannot relay signal UKUITaskBar::buttonRotationRefreshed(bool,IUKUIPanel::Position): Unregistered input type in parameter list: IUKUIPanel::Position
2021-07-05 21:09:03.952 (0xbf956494) Warning: QDBusAbstractAdaptor: Cannot relay signal UKUITaskBar::buttonRotationRefreshed(bool,IUKUIPanel::Position): Unregistered input type in parameter list: IUKUIPanel::Position
2021-07-05 21:09:32.707 (0xbf956494) Warning: QObject::connect: No such signal UKUITaskWidget::clicked()
2021-07-05 21:09:32.707 (0xbf956494) Warning: QObject::connect:  (receiver name: 'Xfce4-settings-manager')
2021-07-05 21:09:32.709 (0xbf956494) Warning: QDBusAbstractAdaptor: Cannot relay signal UKUITaskBar::buttonRotationRefreshed(bool,IUKUIPanel::Position): Unregistered input type in parameter list: IUKUIPanel::Position
2021-07-05 21:09:40.412 (0xbf956494) Warning: QDBusAbstractAdaptor: Cannot relay signal UKUITaskBar::buttonRotationRefreshed(bool,IUKUIPanel::Position): Unregistered input type in parameter list: IUKUIPanel::Position
2021-07-05 21:09:47.929 (0xbf956494) Debug: QEvent::MouseButtonDblClick
2021-07-05 21:09:48.033 (0xbf956494) Debug: QEvent::MouseButtonDblClick
2021-07-05 21:09:51.896 (0xbfbd0b34) Warning: QCoreApplication::postEvent: Unexpected null receiver
2021-07-05 21:09:51.896 (0xbfbd0b34) Debug: XdgDesktopFile "/usr/share/applications/firefox.desktop" is not valid
2021-07-05 21:09:51.896 (0xbfbd0b34) Debug: XdgDesktopFile "/usr/share/applications/wps-office-wps.desktop" is not valid
2021-07-05 21:09:51.946 (0xbfbd0b34) Warning: QObject::connect: No such signal UKUITaskWidget::clicked()
2021-07-05 21:09:51.946 (0xbfbd0b34) Warning: QObject::connect:  (receiver name: 'Xfce4-terminal')
2021-07-05 21:09:52.004 (0xbfbd0b34) Warning: QWidget::setLayout: Attempting to set QLayout "" on UKUIStorageFrame "", which already has a layout
2021-07-05 21:09:52.054 (0xbfbd0b34) Debug: QLocale::system().name(): "en_US"
2021-07-05 21:09:52.055 (0xbfbd0b34) Debug: showCalendar: 3
2021-07-05 21:09:52.220 (0xbfbd0b34) Warning: QDBusAbstractAdaptor: Cannot relay signal UKUITaskBar::buttonRotationRefreshed(bool,IUKUIPanel::Position): Unregistered input type in parameter list: IUKUIPanel::Position
2021-07-05 21:09:52.225 (0xbfbd0b34) Warning: QDBusAbstractAdaptor: Cannot relay signal UKUITaskBar::buttonRotationRefreshed(bool,IUKUIPanel::Position): Unregistered input type in parameter list: IUKUIPanel::Position
2021-07-05 21:09:52.227 (0xbfbd0b34) Warning: QDBusAbstractAdaptor: Cannot relay signal UKUITaskBar::buttonRotationRefreshed(bool,IUKUIPanel::Position): Unregistered input type in parameter list: IUKUIPanel::Position
2021-07-05 21:09:52.228 (0xbfbd0b34) Warning: QDBusAbstractAdaptor: Cannot relay signal UKUITaskBar::buttonRotationRefreshed(bool,IUKUIPanel::Position): Unregistered input type in parameter list: IUKUIPanel::Position
2021-07-05 21:09:52.232 (0xbfbd0b34) Warning: QDBusAbstractAdaptor: Cannot relay signal UKUITaskBar::buttonRotationRefreshed(bool,IUKUIPanel::Position): Unregistered input type in parameter list: IUKUIPanel::Position
2021-07-05 21:09:52.238 (0xbfbd0b34) Warning: QDBusAbstractAdaptor: Cannot relay signal UKUITaskBar::buttonRotationRefreshed(bool,IUKUIPanel::Position): Unregistered input type in parameter list: IUKUIPanel::Position
2021-07-05 21:09:52.248 (0xbfbd0b34) Debug: we don't show balloon messages.
2021-07-05 21:09:52.249 (0xbfbd0b34) Debug: we don't show balloon messages.
2021-07-05 21:09:52.250 (0xbfbd0b34) Debug: we don't show balloon messages.
2021-07-05 21:09:52.282 (0xbfbd0b34) Warning: QDBusAbstractAdaptor: Cannot relay signal UKUITaskBar::buttonRotationRefreshed(bool,IUKUIPanel::Position): Unregistered input type in parameter list: IUKUIPanel::Position
2021-07-05 21:09:53.205 (0xbfec4554) Warning: QCoreApplication::postEvent: Unexpected null receiver
2021-07-05 21:09:53.205 (0xbfec4554) Debug: XdgDesktopFile "/usr/share/applications/firefox.desktop" is not valid
2021-07-05 21:09:53.205 (0xbfec4554) Debug: XdgDesktopFile "/usr/share/applications/wps-office-wps.desktop" is not valid
2021-07-05 21:09:53.258 (0xbfec4554) Warning: QObject::connect: No such signal UKUITaskWidget::clicked()
2021-07-05 21:09:53.259 (0xbfec4554) Warning: QObject::connect:  (receiver name: 'Xfce4-terminal')
2021-07-05 21:09:53.315 (0xbfec4554) Warning: QWidget::setLayout: Attempting to set QLayout "" on UKUIStorageFrame "", which already has a layout
2021-07-05 21:09:53.369 (0xbfec4554) Debug: QLocale::system().name(): "en_US"
2021-07-05 21:09:53.369 (0xbfec4554) Debug: showCalendar: 3
2021-07-05 21:09:53.524 (0xbfec4554) Warning: QDBusAbstractAdaptor: Cannot relay signal UKUITaskBar::buttonRotationRefreshed(bool,IUKUIPanel::Position): Unregistered input type in parameter list: IUKUIPanel::Position
2021-07-05 21:09:53.529 (0xbfec4554) Warning: QDBusAbstractAdaptor: Cannot relay signal UKUITaskBar::buttonRotationRefreshed(bool,IUKUIPanel::Position): Unregistered input type in parameter list: IUKUIPanel::Position
2021-07-05 21:09:53.530 (0xbfec4554) Warning: QDBusAbstractAdaptor: Cannot relay signal UKUITaskBar::buttonRotationRefreshed(bool,IUKUIPanel::Position): Unregistered input type in parameter list: IUKUIPanel::Position
2021-07-05 21:09:53.532 (0xbfec4554) Warning: QDBusAbstractAdaptor: Cannot relay signal UKUITaskBar::buttonRotationRefreshed(bool,IUKUIPanel::Position): Unregistered input type in parameter list: IUKUIPanel::Position
2021-07-05 21:09:53.534 (0xbfec4554) Warning: QDBusAbstractAdaptor: Cannot relay signal UKUITaskBar::buttonRotationRefreshed(bool,IUKUIPanel::Position): Unregistered input type in parameter list: IUKUIPanel::Position
2021-07-05 21:09:53.543 (0xbfec4554) Warning: QDBusAbstractAdaptor: Cannot relay signal UKUITaskBar::buttonRotationRefreshed(bool,IUKUIPanel::Position): Unregistered input type in parameter list: IUKUIPanel::Position
2021-07-05 21:09:53.557 (0xbfec4554) Debug: we don't show balloon messages.
2021-07-05 21:09:53.558 (0xbfec4554) Debug: we don't show balloon messages.
2021-07-05 21:09:53.560 (0xbfec4554) Debug: we don't show balloon messages.
2021-07-05 21:09:53.612 (0xbfec4554) Warning: QDBusAbstractAdaptor: Cannot relay signal UKUITaskBar::buttonRotationRefreshed(bool,IUKUIPanel::Position): Unregistered input type in parameter list: IUKUIPanel::Position
2021-07-05 21:09:53.614 (0xbfec4554) Warning: QDBusAbstractAdaptor: Cannot relay signal UKUITaskBar::buttonRotationRefreshed(bool,IUKUIPanel::Position): Unregistered input type in parameter list: IUKUIPanel::Position
2021-07-05 21:10:03.383 (0xbfec4554) Warning: QObject::connect: No such signal UKUITaskWidget::clicked()
2021-07-05 21:10:03.383 (0xbfec4554) Warning: QObject::connect:  (receiver name: 'peony-qt')
2021-07-05 21:10:03.402 (0xbfec4554) Warning: QDBusAbstractAdaptor: Cannot relay signal UKUITaskBar::buttonRotationRefreshed(bool,IUKUIPanel::Position): Unregistered input type in parameter list: IUKUIPanel::Position
2021-07-05 21:10:11.516 (0xbfec4554) Warning: QDBusAbstractAdaptor: Cannot relay signal UKUITaskBar::buttonRotationRefreshed(bool,IUKUIPanel::Position): Unregistered input type in parameter list: IUKUIPanel::Position
2021-07-05 21:13:36.359 (0xbfec4554) Warning: QObject::connect: No such signal UKUITaskWidget::clicked()
2021-07-05 21:13:36.359 (0xbfec4554) Warning: QObject::connect:  (receiver name: 'peony-qt')
2021-07-05 21:13:36.362 (0xbfec4554) Warning: QDBusAbstractAdaptor: Cannot relay signal UKUITaskBar::buttonRotationRefreshed(bool,IUKUIPanel::Position): Unregistered input type in parameter list: IUKUIPanel::Position
2021-07-05 21:13:37.836 (0xbfec4554) Warning: QDBusAbstractAdaptor: Cannot relay signal UKUITaskBar::buttonRotationRefreshed(bool,IUKUIPanel::Position): Unregistered input type in parameter list: IUKUIPanel::Position
2021-07-05 21:13:40.381 (0xbfec4554) Debug: QLocale::system().name(): "en_US"
2021-07-05 21:13:40.381 (0xbfec4554) Debug: showCalendar: 3
2021-07-05 21:13:40.678 (0xbfec4554) Warning: QObject::connect: No such signal UKUITaskWidget::clicked()
2021-07-05 21:13:40.678 (0xbfec4554) Warning: QObject::connect:  (receiver name: 'ukui-control-center')
2021-07-05 21:13:40.681 (0xbfec4554) Warning: QDBusAbstractAdaptor: Cannot relay signal UKUITaskBar::buttonRotationRefreshed(bool,IUKUIPanel::Position): Unregistered input type in parameter list: IUKUIPanel::Position
2021-07-05 21:14:17.480 (0xbfec4554) Warning: QDBusAbstractAdaptor: Cannot relay signal UKUITaskBar::buttonRotationRefreshed(bool,IUKUIPanel::Position): Unregistered input type in parameter list: IUKUIPanel::Position
2021-07-05 21:14:17.607 (0xbfec4554) Warning: QDBusAbstractAdaptor: Cannot relay signal UKUITaskBar::buttonRotationRefreshed(bool,IUKUIPanel::Position): Unregistered input type in parameter list: IUKUIPanel::Position
2021-07-05 21:14:17.706 (0xbfec4554) Warning: QObject::connect: No such signal UKUITaskWidget::clicked()
2021-07-05 21:14:17.706 (0xbfec4554) Warning: QObject::connect:  (receiver name: 'ukui-control-center')
2021-07-05 21:14:17.718 (0xbfec4554) Warning: QDBusAbstractAdaptor: Cannot relay signal UKUITaskBar::buttonRotationRefreshed(bool,IUKUIPanel::Position): Unregistered input type in parameter list: IUKUIPanel::Position
2021-07-05 21:14:19.834 (0xbfec4554) Warning: QDBusAbstractAdaptor: Cannot relay signal UKUITaskBar::buttonRotationRefreshed(bool,IUKUIPanel::Position): Unregistered input type in parameter list: IUKUIPanel::Position
2021-07-05 21:14:31.229 (0xbfec4554) Warning: QDBusAbstractAdaptor: Cannot relay signal UKUITaskBar::buttonRotationRefreshed(bool,IUKUIPanel::Position): Unregistered input type in parameter list: IUKUIPanel::Position
2021-07-05 21:14:31.245 (0xbfec4554) Warning: QDBusAbstractAdaptor: Cannot relay signal UKUITaskBar::buttonRotationRefreshed(bool,IUKUIPanel::Position): Unregistered input type in parameter list: IUKUIPanel::Position
2021-07-05 21:14:31.326 (0xbfec4554) Warning: QObject::connect: No such signal UKUITaskWidget::clicked()
2021-07-05 21:14:31.326 (0xbfec4554) Warning: QObject::connect:  (receiver name: 'ukui-control-center')
2021-07-05 21:14:31.341 (0xbfec4554) Warning: QDBusAbstractAdaptor: Cannot relay signal UKUITaskBar::buttonRotationRefreshed(bool,IUKUIPanel::Position): Unregistered input type in parameter list: IUKUIPanel::Position
2021-07-05 21:14:31.375 (0xbfec4554) Warning: QDBusAbstractAdaptor: Cannot relay signal UKUITaskBar::buttonRotationRefreshed(bool,IUKUIPanel::Position): Unregistered input type in parameter list: IUKUIPanel::Position
2021-07-05 21:14:33.019 (0xbfec4554) Warning: QDBusAbstractAdaptor: Cannot relay signal UKUITaskBar::buttonRotationRefreshed(bool,IUKUIPanel::Position): Unregistered input type in parameter list: IUKUIPanel::Position
2021-07-05 21:14:42.726 (0xbfec4554) Warning: QDBusAbstractAdaptor: Cannot relay signal UKUITaskBar::buttonRotationRefreshed(bool,IUKUIPanel::Position): Unregistered input type in parameter list: IUKUIPanel::Position
2021-07-05 21:14:42.795 (0xbfec4554) Warning: QObject::connect: No such signal UKUITaskWidget::clicked()
2021-07-05 21:14:42.795 (0xbfec4554) Warning: QObject::connect:  (receiver name: 'ukui-control-center')
2021-07-05 21:14:42.804 (0xbfec4554) Warning: QDBusAbstractAdaptor: Cannot relay signal UKUITaskBar::buttonRotationRefreshed(bool,IUKUIPanel::Position): Unregistered input type in parameter list: IUKUIPanel::Position
2021-07-05 21:14:42.884 (0xbfec4554) Warning: QDBusAbstractAdaptor: Cannot relay signal UKUITaskBar::buttonRotationRefreshed(bool,IUKUIPanel::Position): Unregistered input type in parameter list: IUKUIPanel::Position
2021-07-05 21:14:43.985 (0xbfec4554) Warning: QDBusAbstractAdaptor: Cannot relay signal UKUITaskBar::buttonRotationRefreshed(bool,IUKUIPanel::Position): Unregistered input type in parameter list: IUKUIPanel::Position
2021-07-05 21:15:20.885 (0xbfec4554) Warning: QDBusAbstractAdaptor: Cannot relay signal UKUITaskBar::buttonRotationRefreshed(bool,IUKUIPanel::Position): Unregistered input type in parameter list: IUKUIPanel::Position
2021-07-05 21:15:21.065 (0xbfec4554) Warning: QObject::connect: No such signal UKUITaskWidget::clicked()
2021-07-05 21:15:21.066 (0xbfec4554) Warning: QObject::connect:  (receiver name: 'ukui-control-center')
2021-07-05 21:15:21.074 (0xbfec4554) Warning: QDBusAbstractAdaptor: Cannot relay signal UKUITaskBar::buttonRotationRefreshed(bool,IUKUIPanel::Position): Unregistered input type in parameter list: IUKUIPanel::Position
2021-07-05 21:15:21.105 (0xbfec4554) Warning: QDBusAbstractAdaptor: Cannot relay signal UKUITaskBar::buttonRotationRefreshed(bool,IUKUIPanel::Position): Unregistered input type in parameter list: IUKUIPanel::Position
2021-07-05 21:15:23.917 (0xbfec4554) Warning: QDBusAbstractAdaptor: Cannot relay signal UKUITaskBar::buttonRotationRefreshed(bool,IUKUIPanel::Position): Unregistered input type in parameter list: IUKUIPanel::Position
2021-07-05 21:15:23.926 (0xbfec4554) Warning: QDBusAbstractAdaptor: Cannot relay signal UKUITaskBar::buttonRotationRefreshed(bool,IUKUIPanel::Position): Unregistered input type in parameter list: IUKUIPanel::Position
2021-07-05 21:15:23.933 (0xbfec4554) Warning: QDBusAbstractAdaptor: Cannot relay signal UKUITaskBar::buttonRotationRefreshed(bool,IUKUIPanel::Position): Unregistered input type in parameter list: IUKUIPanel::Position
2021-07-05 21:15:23.991 (0xbfec4554) Warning: QDBusAbstractAdaptor: Cannot relay signal UKUITaskBar::buttonRotationRefreshed(bool,IUKUIPanel::Position): Unregistered input type in parameter list: IUKUIPanel::Position
2021-07-05 21:15:24.026 (0xbfec4554) Warning: QDBusAbstractAdaptor: Cannot relay signal UKUITaskBar::buttonRotationRefreshed(bool,IUKUIPanel::Position): Unregistered input type in parameter list: IUKUIPanel::Position
2021-07-05 21:18:51.504 (0xbfec4554) Warning: QObject::connect: No such signal UKUITaskWidget::clicked()
2021-07-05 21:18:51.504 (0xbfec4554) Warning: QObject::connect:  (receiver name: 'ukui-screensaver-default')
2021-07-05 21:18:51.513 (0xbfec4554) Warning: QDBusAbstractAdaptor: Cannot relay signal UKUITaskBar::buttonRotationRefreshed(bool,IUKUIPanel::Position): Unregistered input type in parameter list: IUKUIPanel::Position
2021-07-05 21:18:55.838 (0xbfec4554) Warning: QXcbConnection: XCB error: 3 (BadWindow), sequence: 41495, resource id: 62914567, major code: 3 (GetWindowAttributes), minor code: 0
2021-07-05 21:18:55.838 (0xbfec4554) Warning: QXcbConnection: XCB error: 3 (BadWindow), sequence: 41496, resource id: 62914567, major code: 2 (ChangeWindowAttributes), minor code: 0
2021-07-05 21:19:17.516 (0xbfec4554) Warning: QDBusAbstractAdaptor: Cannot relay signal UKUITaskBar::buttonRotationRefreshed(bool,IUKUIPanel::Position): Unregistered input type in parameter list: IUKUIPanel::Position
2021-07-05 21:19:17.726 (0xbfec4554) Warning: QDBusAbstractAdaptor: Cannot relay signal UKUITaskBar::buttonRotationRefreshed(bool,IUKUIPanel::Position): Unregistered input type in parameter list: IUKUIPanel::Position
2021-07-05 21:19:17.792 (0xbfec4554) Warning: QObject::connect: No such signal UKUITaskWidget::clicked()
2021-07-05 21:19:17.793 (0xbfec4554) Warning: QObject::connect:  (receiver name: 'ukui-control-center')
2021-07-05 21:19:17.798 (0xbfec4554) Warning: QDBusAbstractAdaptor: Cannot relay signal UKUITaskBar::buttonRotationRefreshed(bool,IUKUIPanel::Position): Unregistered input type in parameter list: IUKUIPanel::Position
2021-07-05 21:19:19.319 (0xbfec4554) Warning: QDBusAbstractAdaptor: Cannot relay signal UKUITaskBar::buttonRotationRefreshed(bool,IUKUIPanel::Position): Unregistered input type in parameter list: IUKUIPanel::Position
2021-07-05 21:19:21.184 (0xbfec4554) Warning: QDBusAbstractAdaptor: Cannot relay signal UKUITaskBar::buttonRotationRefreshed(bool,IUKUIPanel::Position): Unregistered input type in parameter list: IUKUIPanel::Position
2021-07-05 21:19:24.037 (0xbfec4554) Warning: QDBusAbstractAdaptor: Cannot relay signal UKUITaskBar::buttonRotationRefreshed(bool,IUKUIPanel::Position): Unregistered input type in parameter list: IUKUIPanel::Position
2021-07-05 21:19:28.564 (0xbfec4554) Warning: QObject::connect: No such signal UKUITaskWidget::clicked()
2021-07-05 21:19:28.564 (0xbfec4554) Warning: QObject::connect:  (receiver name: 'peony-qt')
2021-07-05 21:19:28.576 (0xbfec4554) Warning: QDBusAbstractAdaptor: Cannot relay signal UKUITaskBar::buttonRotationRefreshed(bool,IUKUIPanel::Position): Unregistered input type in parameter list: IUKUIPanel::Position
2021-07-05 21:19:30.583 (0xbfec4554) Warning: QDBusAbstractAdaptor: Cannot relay signal UKUITaskBar::buttonRotationRefreshed(bool,IUKUIPanel::Position): Unregistered input type in parameter list: IUKUIPanel::Position
2021-07-05 21:19:35.991 (0xbfec4554) Warning: QGestureManager::deliverEvent: could not find the target for gesture
2021-07-05 21:19:35.993 (0xbfec4554) Debug: QEvent::MouseButtonDblClick
2021-07-05 21:19:36.053 (0xbfec4554) Debug: QEvent::MouseButtonDblClick
2021-07-05 21:20:23.955 (0xbfec4554) Warning: QObject::connect: No such signal UKUITaskWidget::clicked()
2021-07-05 21:20:23.955 (0xbfec4554) Warning: QObject::connect:  (receiver name: 'Xfce4-terminal')
2021-07-05 21:20:23.957 (0xbfec4554) Warning: QDBusAbstractAdaptor: Cannot relay signal UKUITaskBar::buttonRotationRefreshed(bool,IUKUIPanel::Position): Unregistered input type in parameter list: IUKUIPanel::Position
2021-07-05 21:23:42.090 (0xbfa54d14) Warning: QCoreApplication::postEvent: Unexpected null receiver
2021-07-05 21:23:42.090 (0xbfa54d14) Debug: XdgDesktopFile "/usr/share/applications/firefox.desktop" is not valid
2021-07-05 21:23:42.090 (0xbfa54d14) Debug: XdgDesktopFile "/usr/share/applications/wps-office-wps.desktop" is not valid
2021-07-05 21:23:42.180 (0xbfa54d14) Warning: QWidget::setLayout: Attempting to set QLayout "" on UKUIStorageFrame "", which already has a layout
2021-07-05 21:23:42.259 (0xbfa54d14) Debug: QLocale::system().name(): "en_US"
2021-07-05 21:23:42.259 (0xbfa54d14) Debug: showCalendar: 3
2021-07-05 21:23:42.480 (0xbfa54d14) Warning: QDBusAbstractAdaptor: Cannot relay signal UKUITaskBar::buttonRotationRefreshed(bool,IUKUIPanel::Position): Unregistered input type in parameter list: IUKUIPanel::Position
2021-07-05 21:23:42.484 (0xbfa54d14) Warning: QDBusAbstractAdaptor: Cannot relay signal UKUITaskBar::buttonRotationRefreshed(bool,IUKUIPanel::Position): Unregistered input type in parameter list: IUKUIPanel::Position
2021-07-05 21:23:42.486 (0xbfa54d14) Warning: QDBusAbstractAdaptor: Cannot relay signal UKUITaskBar::buttonRotationRefreshed(bool,IUKUIPanel::Position): Unregistered input type in parameter list: IUKUIPanel::Position
2021-07-05 21:23:42.487 (0xbfa54d14) Warning: QDBusAbstractAdaptor: Cannot relay signal UKUITaskBar::buttonRotationRefreshed(bool,IUKUIPanel::Position): Unregistered input type in parameter list: IUKUIPanel::Position
2021-07-05 21:23:42.489 (0xbfa54d14) Warning: QDBusAbstractAdaptor: Cannot relay signal UKUITaskBar::buttonRotationRefreshed(bool,IUKUIPanel::Position): Unregistered input type in parameter list: IUKUIPanel::Position
2021-07-05 21:23:42.503 (0xbfa54d14) Warning: QDBusAbstractAdaptor: Cannot relay signal UKUITaskBar::buttonRotationRefreshed(bool,IUKUIPanel::Position): Unregistered input type in parameter list: IUKUIPanel::Position
2021-07-05 21:23:42.548 (0xbfa54d14) Warning: QDBusAbstractAdaptor: Cannot relay signal UKUITaskBar::buttonRotationRefreshed(bool,IUKUIPanel::Position): Unregistered input type in parameter list: IUKUIPanel::Position
2021-07-05 21:23:42.548 (0xbfa54d14) Warning: QDBusAbstractAdaptor: Cannot relay signal UKUITaskBar::buttonRotationRefreshed(bool,IUKUIPanel::Position): Unregistered input type in parameter list: IUKUIPanel::Position
2021-07-05 21:23:45.245 (0xbfa54d14) Debug: we don't show balloon messages.
2021-07-05 21:23:45.246 (0xbfa54d14) Warning: QDBusAbstractAdaptor: Cannot relay signal UKUITaskBar::buttonRotationRefreshed(bool,IUKUIPanel::Position): Unregistered input type in parameter list: IUKUIPanel::Position
2021-07-05 21:23:46.505 (0xbfd79f94) Warning: QCoreApplication::postEvent: Unexpected null receiver
2021-07-05 21:23:46.505 (0xbfd79f94) Debug: XdgDesktopFile "/usr/share/applications/firefox.desktop" is not valid
2021-07-05 21:23:46.505 (0xbfd79f94) Debug: XdgDesktopFile "/usr/share/applications/wps-office-wps.desktop" is not valid
2021-07-05 21:23:46.589 (0xbfd79f94) Warning: QWidget::setLayout: Attempting to set QLayout "" on UKUIStorageFrame "", which already has a layout
2021-07-05 21:23:46.633 (0xbfd79f94) Debug: QLocale::system().name(): "en_US"
2021-07-05 21:23:46.633 (0xbfd79f94) Debug: showCalendar: 3
2021-07-05 21:23:46.772 (0xbfd79f94) Warning: QDBusAbstractAdaptor: Cannot relay signal UKUITaskBar::buttonRotationRefreshed(bool,IUKUIPanel::Position): Unregistered input type in parameter list: IUKUIPanel::Position
2021-07-05 21:23:46.780 (0xbfd79f94) Warning: QDBusAbstractAdaptor: Cannot relay signal UKUITaskBar::buttonRotationRefreshed(bool,IUKUIPanel::Position): Unregistered input type in parameter list: IUKUIPanel::Position
2021-07-05 21:23:46.781 (0xbfd79f94) Warning: QDBusAbstractAdaptor: Cannot relay signal UKUITaskBar::buttonRotationRefreshed(bool,IUKUIPanel::Position): Unregistered input type in parameter list: IUKUIPanel::Position
2021-07-05 21:23:46.782 (0xbfd79f94) Warning: QDBusAbstractAdaptor: Cannot relay signal UKUITaskBar::buttonRotationRefreshed(bool,IUKUIPanel::Position): Unregistered input type in parameter list: IUKUIPanel::Position
2021-07-05 21:23:46.793 (0xbfd79f94) Warning: QDBusAbstractAdaptor: Cannot relay signal UKUITaskBar::buttonRotationRefreshed(bool,IUKUIPanel::Position): Unregistered input type in parameter list: IUKUIPanel::Position
2021-07-05 21:23:46.798 (0xbfd79f94) Warning: QDBusAbstractAdaptor: Cannot relay signal UKUITaskBar::buttonRotationRefreshed(bool,IUKUIPanel::Position): Unregistered input type in parameter list: IUKUIPanel::Position
2021-07-05 21:23:46.806 (0xbfd79f94) Debug: we don't show balloon messages.
2021-07-05 21:23:46.808 (0xbfd79f94) Debug: we don't show balloon messages.
2021-07-05 21:23:46.810 (0xbfd79f94) Debug: we don't show balloon messages.
2021-07-05 21:23:46.850 (0xbfd79f94) Warning: QDBusAbstractAdaptor: Cannot relay signal UKUITaskBar::buttonRotationRefreshed(bool,IUKUIPanel::Position): Unregistered input type in parameter list: IUKUIPanel::Position
2021-07-05 21:23:46.851 (0xbfd79f94) Warning: QDBusAbstractAdaptor: Cannot relay signal UKUITaskBar::buttonRotationRefreshed(bool,IUKUIPanel::Position): Unregistered input type in parameter list: IUKUIPanel::Position
2021-07-05 21:23:51.942 (0xbfd79f94) Warning: QObject::connect: No such signal UKUITaskWidget::clicked()
2021-07-05 21:23:51.942 (0xbfd79f94) Warning: QObject::connect:  (receiver name: 'Xfce4-terminal')
2021-07-05 21:23:51.949 (0xbfd79f94) Warning: QDBusAbstractAdaptor: Cannot relay signal UKUITaskBar::buttonRotationRefreshed(bool,IUKUIPanel::Position): Unregistered input type in parameter list: IUKUIPanel::Position
2021-07-05 21:25:59.643 (0xbfd79f94) Warning: QDBusAbstractAdaptor: Cannot relay signal UKUITaskBar::buttonRotationRefreshed(bool,IUKUIPanel::Position): Unregistered input type in parameter list: IUKUIPanel::Position
2021-07-06 17:52:14.391 (0xbfccf5d4) Warning: QCoreApplication::postEvent: Unexpected null receiver
2021-07-06 17:52:14.403 (0xbfccf5d4) Warning: QCoreApplication::postEvent: Unexpected null receiver
2021-07-06 17:52:14.403 (0xbfccf5d4) Debug: XdgDesktopFile "/usr/share/applications/wps-office-wps.desktop" is not valid
2021-07-06 17:52:14.493 (0xbfccf5d4) Warning: QWidget::setLayout: Attempting to set QLayout "" on UKUIStorageFrame "", which already has a layout
2021-07-06 17:52:14.581 (0xbfccf5d4) Debug: QLocale::system().name(): "en_US"
2021-07-06 17:52:14.581 (0xbfccf5d4) Debug: showCalendar: 3
2021-07-06 17:52:14.796 (0xbfccf5d4) Warning: QDBusAbstractAdaptor: Cannot relay signal UKUITaskBar::buttonRotationRefreshed(bool,IUKUIPanel::Position): Unregistered input type in parameter list: IUKUIPanel::Position
2021-07-06 17:52:14.800 (0xbfccf5d4) Warning: QDBusAbstractAdaptor: Cannot relay signal UKUITaskBar::buttonRotationRefreshed(bool,IUKUIPanel::Position): Unregistered input type in parameter list: IUKUIPanel::Position
2021-07-06 17:52:14.801 (0xbfccf5d4) Warning: QDBusAbstractAdaptor: Cannot relay signal UKUITaskBar::buttonRotationRefreshed(bool,IUKUIPanel::Position): Unregistered input type in parameter list: IUKUIPanel::Position
2021-07-06 17:52:14.802 (0xbfccf5d4) Warning: QDBusAbstractAdaptor: Cannot relay signal UKUITaskBar::buttonRotationRefreshed(bool,IUKUIPanel::Position): Unregistered input type in parameter list: IUKUIPanel::Position
2021-07-06 17:52:14.803 (0xbfccf5d4) Warning: QDBusAbstractAdaptor: Cannot relay signal UKUITaskBar::buttonRotationRefreshed(bool,IUKUIPanel::Position): Unregistered input type in parameter list: IUKUIPanel::Position
2021-07-06 17:52:14.808 (0xbfccf5d4) Warning: QDBusAbstractAdaptor: Cannot relay signal UKUITaskBar::buttonRotationRefreshed(bool,IUKUIPanel::Position): Unregistered input type in parameter list: IUKUIPanel::Position
2021-07-06 17:52:14.843 (0xbfccf5d4) Warning: QDBusAbstractAdaptor: Cannot relay signal UKUITaskBar::buttonRotationRefreshed(bool,IUKUIPanel::Position): Unregistered input type in parameter list: IUKUIPanel::Position
2021-07-06 17:52:14.870 (0xbfccf5d4) Warning: QDBusAbstractAdaptor: Cannot relay signal UKUITaskBar::buttonRotationRefreshed(bool,IUKUIPanel::Position): Unregistered input type in parameter list: IUKUIPanel::Position
2021-07-06 17:52:17.316 (0xbfccf5d4) Debug: we don't show balloon messages.
2021-07-06 17:52:18.389 (0xbff9dbf4) Warning: QCoreApplication::postEvent: Unexpected null receiver
2021-07-06 17:52:18.395 (0xbff9dbf4) Warning: QCoreApplication::postEvent: Unexpected null receiver
2021-07-06 17:52:18.395 (0xbff9dbf4) Debug: XdgDesktopFile "/usr/share/applications/wps-office-wps.desktop" is not valid
2021-07-06 17:52:18.479 (0xbff9dbf4) Warning: QWidget::setLayout: Attempting to set QLayout "" on UKUIStorageFrame "", which already has a layout
2021-07-06 17:52:18.526 (0xbff9dbf4) Debug: QLocale::system().name(): "en_US"
2021-07-06 17:52:18.526 (0xbff9dbf4) Debug: showCalendar: 3
2021-07-06 17:52:18.668 (0xbff9dbf4) Warning: QDBusAbstractAdaptor: Cannot relay signal UKUITaskBar::buttonRotationRefreshed(bool,IUKUIPanel::Position): Unregistered input type in parameter list: IUKUIPanel::Position
2021-07-06 17:52:18.674 (0xbff9dbf4) Warning: QDBusAbstractAdaptor: Cannot relay signal UKUITaskBar::buttonRotationRefreshed(bool,IUKUIPanel::Position): Unregistered input type in parameter list: IUKUIPanel::Position
2021-07-06 17:52:18.675 (0xbff9dbf4) Warning: QDBusAbstractAdaptor: Cannot relay signal UKUITaskBar::buttonRotationRefreshed(bool,IUKUIPanel::Position): Unregistered input type in parameter list: IUKUIPanel::Position
2021-07-06 17:52:18.676 (0xbff9dbf4) Warning: QDBusAbstractAdaptor: Cannot relay signal UKUITaskBar::buttonRotationRefreshed(bool,IUKUIPanel::Position): Unregistered input type in parameter list: IUKUIPanel::Position
2021-07-06 17:52:18.677 (0xbff9dbf4) Warning: QDBusAbstractAdaptor: Cannot relay signal UKUITaskBar::buttonRotationRefreshed(bool,IUKUIPanel::Position): Unregistered input type in parameter list: IUKUIPanel::Position
2021-07-06 17:52:18.683 (0xbff9dbf4) Warning: QDBusAbstractAdaptor: Cannot relay signal UKUITaskBar::buttonRotationRefreshed(bool,IUKUIPanel::Position): Unregistered input type in parameter list: IUKUIPanel::Position
2021-07-06 17:52:18.696 (0xbff9dbf4) Debug: we don't show balloon messages.
2021-07-06 17:52:18.697 (0xbff9dbf4) Debug: we don't show balloon messages.
2021-07-06 17:52:18.699 (0xbff9dbf4) Debug: we don't show balloon messages.
2021-07-06 17:52:19.505 (0xbfdcfbe4) Warning: QCoreApplication::postEvent: Unexpected null receiver
2021-07-06 17:52:19.511 (0xbfdcfbe4) Warning: QCoreApplication::postEvent: Unexpected null receiver
2021-07-06 17:52:19.511 (0xbfdcfbe4) Debug: XdgDesktopFile "/usr/share/applications/wps-office-wps.desktop" is not valid
2021-07-06 17:52:19.598 (0xbfdcfbe4) Warning: QWidget::setLayout: Attempting to set QLayout "" on UKUIStorageFrame "", which already has a layout
2021-07-06 17:52:19.646 (0xbfdcfbe4) Debug: QLocale::system().name(): "en_US"
2021-07-06 17:52:19.646 (0xbfdcfbe4) Debug: showCalendar: 3
2021-07-06 17:52:19.797 (0xbfdcfbe4) Warning: QDBusAbstractAdaptor: Cannot relay signal UKUITaskBar::buttonRotationRefreshed(bool,IUKUIPanel::Position): Unregistered input type in parameter list: IUKUIPanel::Position
2021-07-06 17:52:19.807 (0xbfdcfbe4) Warning: QDBusAbstractAdaptor: Cannot relay signal UKUITaskBar::buttonRotationRefreshed(bool,IUKUIPanel::Position): Unregistered input type in parameter list: IUKUIPanel::Position
2021-07-06 17:52:19.811 (0xbfdcfbe4) Warning: QDBusAbstractAdaptor: Cannot relay signal UKUITaskBar::buttonRotationRefreshed(bool,IUKUIPanel::Position): Unregistered input type in parameter list: IUKUIPanel::Position
2021-07-06 17:52:19.813 (0xbfdcfbe4) Warning: QDBusAbstractAdaptor: Cannot relay signal UKUITaskBar::buttonRotationRefreshed(bool,IUKUIPanel::Position): Unregistered input type in parameter list: IUKUIPanel::Position
2021-07-06 17:52:19.814 (0xbfdcfbe4) Warning: QDBusAbstractAdaptor: Cannot relay signal UKUITaskBar::buttonRotationRefreshed(bool,IUKUIPanel::Position): Unregistered input type in parameter list: IUKUIPanel::Position
2021-07-06 17:52:19.824 (0xbfdcfbe4) Warning: QDBusAbstractAdaptor: Cannot relay signal UKUITaskBar::buttonRotationRefreshed(bool,IUKUIPanel::Position): Unregistered input type in parameter list: IUKUIPanel::Position
2021-07-06 17:52:19.826 (0xbfdcfbe4) Debug: we don't show balloon messages.
2021-07-06 17:52:19.827 (0xbfdcfbe4) Debug: we don't show balloon messages.
2021-07-06 17:52:19.829 (0xbfdcfbe4) Debug: we don't show balloon messages.
2021-07-06 17:52:20.682 (0xbf943044) Warning: QCoreApplication::postEvent: Unexpected null receiver
2021-07-06 17:52:20.688 (0xbf943044) Warning: QCoreApplication::postEvent: Unexpected null receiver
2021-07-06 17:52:20.688 (0xbf943044) Debug: XdgDesktopFile "/usr/share/applications/wps-office-wps.desktop" is not valid
2021-07-06 17:52:20.773 (0xbf943044) Warning: QWidget::setLayout: Attempting to set QLayout "" on UKUIStorageFrame "", which already has a layout
2021-07-06 17:52:20.816 (0xbf943044) Debug: QLocale::system().name(): "en_US"
2021-07-06 17:52:20.816 (0xbf943044) Debug: showCalendar: 3
2021-07-06 17:52:20.958 (0xbf943044) Warning: QDBusAbstractAdaptor: Cannot relay signal UKUITaskBar::buttonRotationRefreshed(bool,IUKUIPanel::Position): Unregistered input type in parameter list: IUKUIPanel::Position
2021-07-06 17:52:20.963 (0xbf943044) Warning: QDBusAbstractAdaptor: Cannot relay signal UKUITaskBar::buttonRotationRefreshed(bool,IUKUIPanel::Position): Unregistered input type in parameter list: IUKUIPanel::Position
2021-07-06 17:52:20.964 (0xbf943044) Warning: QDBusAbstractAdaptor: Cannot relay signal UKUITaskBar::buttonRotationRefreshed(bool,IUKUIPanel::Position): Unregistered input type in parameter list: IUKUIPanel::Position
2021-07-06 17:52:20.965 (0xbf943044) Warning: QDBusAbstractAdaptor: Cannot relay signal UKUITaskBar::buttonRotationRefreshed(bool,IUKUIPanel::Position): Unregistered input type in parameter list: IUKUIPanel::Position
2021-07-06 17:52:20.966 (0xbf943044) Warning: QDBusAbstractAdaptor: Cannot relay signal UKUITaskBar::buttonRotationRefreshed(bool,IUKUIPanel::Position): Unregistered input type in parameter list: IUKUIPanel::Position
2021-07-06 17:52:20.972 (0xbf943044) Warning: QDBusAbstractAdaptor: Cannot relay signal UKUITaskBar::buttonRotationRefreshed(bool,IUKUIPanel::Position): Unregistered input type in parameter list: IUKUIPanel::Position
2021-07-06 17:52:20.979 (0xbf943044) Debug: we don't show balloon messages.
2021-07-06 17:52:20.983 (0xbf943044) Debug: we don't show balloon messages.
2021-07-06 17:52:20.985 (0xbf943044) Debug: we don't show balloon messages.
2021-07-06 17:52:21.019 (0xbf943044) Warning: QDBusAbstractAdaptor: Cannot relay signal UKUITaskBar::buttonRotationRefreshed(bool,IUKUIPanel::Position): Unregistered input type in parameter list: IUKUIPanel::Position
2021-07-06 17:52:21.020 (0xbf943044) Warning: QDBusAbstractAdaptor: Cannot relay signal UKUITaskBar::buttonRotationRefreshed(bool,IUKUIPanel::Position): Unregistered input type in parameter list: IUKUIPanel::Position
